TN:
SF:src/StakingApp.sol
DA:60,8
FN:60,StakingApp.constructor
FNDA:8,StakingApp.constructor
DA:67,8
DA:68,8
DA:69,8
DA:70,8
DA:71,8
DA:75,3
FN:75,StakingApp.checkClaimRewards
FNDA:3,StakingApp.checkClaimRewards
DA:76,3
DA:77,1
BRDA:77,0,0,1
DA:82,3
FN:82,StakingApp.checkBalance
FNDA:3,StakingApp.checkBalance
DA:83,3
BRDA:83,1,0,1
DA:88,2
FN:88,StakingApp.updateRewardEarnad
FNDA:2,StakingApp.updateRewardEarnad
DA:89,2
DA:90,2
DA:92,2
BRDA:92,2,0,2
DA:93,2
DA:94,2
DA:102,2
FN:102,StakingApp.changeStakingPeriod
FNDA:2,StakingApp.changeStakingPeriod
DA:103,1
DA:104,1
DA:110,6
FN:110,StakingApp.depositTokens
FNDA:6,StakingApp.depositTokens
DA:113,6
DA:114,1
BRDA:114,3,0,1
DA:116,5
DA:121,5
DA:122,5
DA:123,5
DA:125,5
DA:130,3
FN:130,StakingApp.witdrawTokens
FNDA:3,StakingApp.witdrawTokens
DA:135,2
DA:136,2
DA:137,2
DA:139,2
DA:140,2
DA:145,3
FN:145,StakingApp.claimRewards
FNDA:3,StakingApp.claimRewards
DA:150,2
DA:151,2
BRDA:151,4,0,1
DA:153,1
DA:154,1
DA:155,1
DA:157,1
DA:158,1
BRDA:158,5,0,-
DA:163,0
FN:163,StakingApp.claimRewardsPerSeconds
FNDA:0,StakingApp.claimRewardsPerSeconds
DA:164,21
BRDA:164,6,0,10
DA:165,10
DA:168,11
DA:169,11
DA:170,11
DA:176,1
FN:176,StakingApp.earned
FNDA:1,StakingApp.earned
DA:177,11
DA:178,11
DA:184,1
FN:184,StakingApp.getStakingPeriod
FNDA:1,StakingApp.getStakingPeriod
DA:185,1
DA:189,1
FN:189,StakingApp.receive
FNDA:1,StakingApp.receive
DA:190,1
DA:194,0
FN:194,StakingApp.updateReward
FNDA:0,StakingApp.updateReward
DA:197,1
FN:197,StakingApp.getBalanceUser
FNDA:1,StakingApp.getBalanceUser
DA:198,1
FNF:14
FNH:12
LF:58
LH:56
BRF:7
BRH:6
end_of_record
TN:
SF:src/StakingToken.sol
DA:21,7
FN:21,StakingToken.mint
FNDA:7,StakingToken.mint
DA:22,7
FNF:1
FNH:1
LF:2
LH:2
BRF:0
BRH:0
end_of_record
